2017-10-13T18:07:29.6NZ mysqld_safe Logging to '/usr/local/var/mysql/dhcp-10-5-20-18.wireless.rochester.edu.err'.
2017-10-13T18:07:29.6NZ mysqld_safe Starting mysqld daemon with databases from /usr/local/var/mysql
2017-10-13T18:07:29.928780Z 0 [Warning] TIMESTAMP with implicit DEFAULT value is deprecated. Please use --explicit_defaults_for_timestamp server option (see documentation for more details).
2017-10-13T18:07:29.929042Z 0 [Note] --secure-file-priv is set to NULL. Operations related to importing and exporting data are disabled
2017-10-13T18:07:29.929102Z 0 [Note] /usr/local/opt/mysql/bin/mysqld (mysqld 5.7.19) starting as process 18956 ...
2017-10-13T18:07:29.931854Z 0 [Warning] Setting lower_case_table_names=2 because file system for /usr/local/var/mysql/ is case insensitive
2017-10-13T18:07:29.933171Z 0 [Note] InnoDB: Mutexes and rw_locks use GCC atomic builtins
2017-10-13T18:07:29.933183Z 0 [Note] InnoDB: Uses event mutexes
2017-10-13T18:07:29.933187Z 0 [Note] InnoDB: GCC builtin __atomic_thread_fence() is used for memory barrier
2017-10-13T18:07:29.933191Z 0 [Note] InnoDB: Compressed tables use zlib 1.2.3
2017-10-13T18:07:29.933449Z 0 [Note] InnoDB: Number of pools: 1
2017-10-13T18:07:29.933554Z 0 [Note] InnoDB: Using CPU crc32 instructions
2017-10-13T18:07:29.934695Z 0 [Note] InnoDB: Initializing buffer pool, total size = 128M, instances = 1, chunk size = 128M
2017-10-13T18:07:29.943309Z 0 [Note] InnoDB: Completed initialization of buffer pool
2017-10-13T18:07:29.996052Z 0 [Note] InnoDB: Highest supported file format is Barracuda.
2017-10-13T18:07:30.005111Z 0 [Note] InnoDB: Creating shared tablespace for temporary tables
2017-10-13T18:07:30.005275Z 0 [Note] InnoDB: Setting file './ibtmp1' size to 12 MB. Physically writing the file full; Please wait ...
2017-10-13T18:07:30.016696Z 0 [Note] InnoDB: File './ibtmp1' size is now 12 MB.
2017-10-13T18:07:30.017364Z 0 [Note] InnoDB: 96 redo rollback segment(s) found. 96 redo rollback segment(s) are active.
2017-10-13T18:07:30.017374Z 0 [Note] InnoDB: 32 non-redo rollback segment(s) are active.
2017-10-13T18:07:30.017496Z 0 [Note] InnoDB: Waiting for purge to start
2017-10-13T18:07:30.133056Z 0 [Note] InnoDB: 5.7.19 started; log sequence number 2539838
2017-10-13T18:07:30.133298Z 0 [Note] InnoDB: Loading buffer pool(s) from /usr/local/var/mysql/ib_buffer_pool
2017-10-13T18:07:30.133463Z 0 [Note] Plugin 'FEDERATED' is disabled.
2017-10-13T18:07:30.136013Z 0 [Note] InnoDB: Buffer pool(s) load completed at 171013 14:07:30
2017-10-13T18:07:30.142161Z 0 [Note] Found ca.pem, server-cert.pem and server-key.pem in data directory. Trying to enable SSL support using them.
2017-10-13T18:07:30.142179Z 0 [Note] Skipping generation of SSL certificates as certificate files are present in data directory.
2017-10-13T18:07:30.142852Z 0 [Warning] CA certificate ca.pem is self signed.
2017-10-13T18:07:30.142899Z 0 [Note] Skipping generation of RSA key pair as key files are present in data directory.
2017-10-13T18:07:30.147388Z 0 [Note] Server hostname (bind-address): '127.0.0.1'; port: 3306
2017-10-13T18:07:30.147418Z 0 [Note]   - '127.0.0.1' resolves to '127.0.0.1';
2017-10-13T18:07:30.147514Z 0 [Note] Server socket created on IP: '127.0.0.1'.
2017-10-13T18:07:30.157444Z 0 [Note] Event Scheduler: Loaded 0 events
2017-10-13T18:07:30.157591Z 0 [Note] /usr/local/opt/mysql/bin/mysqld: ready for connections.
Version: '5.7.19'  socket: '/tmp/mysql.sock'  port: 3306  Homebrew
2017-10-13T18:07:30.157610Z 0 [Note] Executing 'SELECT * FROM INFORMATION_SCHEMA.TABLES;' to get a list of tables using the deprecated partition engine. You may use the startup option '--disable-partition-engine-check' to skip this check. 
2017-10-13T18:07:30.157613Z 0 [Note] Beginning of list of non-natively partitioned tables
2017-10-13T18:07:30.167331Z 0 [Note] End of list of non-natively partitioned tables
2017-10-13T18:07:32.838475Z 3 [Note] Access denied for user '-p'@'localhost' (using password: NO)
2017-10-13T18:14:08.824021Z 4 [Note] Access denied for user 'root'@'localhost' (using password: YES)
2017-10-13T18:47:06.014031Z 0 [Note] InnoDB: page_cleaner: 1000ms intended loop took 94934ms. The settings might not be optimal. (flushed=0 and evicted=0, during the time.)
2017-10-13T18:48:46.006800Z 0 [Note] InnoDB: page_cleaner: 1000ms intended loop took 51412ms. The settings might not be optimal. (flushed=0 and evicted=0, during the time.)
2017-10-13T19:02:30.008840Z 0 [Note] InnoDB: page_cleaner: 1000ms intended loop took 775048ms. The settings might not be optimal. (flushed=0 and evicted=0, during the time.)
2017-10-13T19:52:28.011273Z 0 [Note] InnoDB: page_cleaner: 1000ms intended loop took 2962565ms. The settings might not be optimal. (flushed=0 and evicted=0, during the time.)
2017-10-13T19:54:16.006475Z 0 [Note] InnoDB: page_cleaner: 1000ms intended loop took 72147ms. The settings might not be optimal. (flushed=0 and evicted=0, during the time.)
2017-10-13T19:55:35.009179Z 0 [Note] InnoDB: page_cleaner: 1000ms intended loop took 42972ms. The settings might not be optimal. (flushed=0 and evicted=0, during the time.)
2017-10-13T19:57:28.013851Z 0 [Note] InnoDB: page_cleaner: 1000ms intended loop took 64904ms. The settings might not be optimal. (flushed=0 and evicted=0, during the time.)
2017-10-13T20:03:52.219681Z 6 [Note] Access denied for user 'root'@'localhost' (using password: YES)
2017-10-13T20:04:19.248825Z 7 [Note] Aborted connection 7 to db: 'foo_db' user: 'root' host: 'localhost' (Got an error reading communication packets)
2017-10-13T20:05:07.579523Z 8 [Note] Aborted connection 8 to db: 'foo_db' user: 'root' host: 'localhost' (Got an error reading communication packets)
2017-10-13T20:19:57.424581Z 9 [Note] Aborted connection 9 to db: 'foo_db' user: 'root' host: 'localhost' (Got an error reading communication packets)
2017-10-13T20:20:00.414484Z 10 [Note] Aborted connection 10 to db: 'foo_db' user: 'root' host: 'localhost' (Got an error reading communication packets)
2017-10-13T21:03:21.010484Z 0 [Note] InnoDB: page_cleaner: 1000ms intended loop took 96190ms. The settings might not be optimal. (flushed=0 and evicted=0, during the time.)
2017-10-13T21:04:34.010677Z 0 [Note] InnoDB: page_cleaner: 1000ms intended loop took 24215ms. The settings might not be optimal. (flushed=0 and evicted=0, during the time.)
2017-10-13T21:06:18.006144Z 0 [Note] InnoDB: page_cleaner: 1000ms intended loop took 55900ms. The settings might not be optimal. (flushed=0 and evicted=0, during the time.)
2017-10-13T21:26:37.015763Z 13 [Note] Aborted connection 13 to db: 'itemlistdb' user: 'root' host: 'localhost' (Got an error reading communication packets)
2017-10-13T21:26:37.930946Z 14 [Note] Aborted connection 14 to db: 'itemlistdb' user: 'root' host: 'localhost' (Got an error reading communication packets)
2017-10-13T21:42:55.015819Z 0 [Note] InnoDB: page_cleaner: 1000ms intended loop took 394543ms. The settings might not be optimal. (flushed=0 and evicted=0, during the time.)
2017-10-13T21:52:07.759467Z 0 [Note] Giving 0 client threads a chance to die gracefully
2017-10-13T21:52:07.759484Z 0 [Note] Shutting down slave threads
2017-10-13T21:52:07.759496Z 0 [Note] Forcefully disconnecting 0 remaining clients
2017-10-13T21:52:07.759504Z 0 [Note] Event Scheduler: Purging the queue. 0 events
2017-10-13T21:52:07.759538Z 0 [Note] Binlog end
2017-10-13T21:52:07.761284Z 0 [Note] Shutting down plugin 'ngram'
2017-10-13T21:52:07.761295Z 0 [Note] Shutting down plugin 'partition'
2017-10-13T21:52:07.761299Z 0 [Note] Shutting down plugin 'BLACKHOLE'
2017-10-13T21:52:07.761303Z 0 [Note] Shutting down plugin 'ARCHIVE'
2017-10-13T21:52:07.761307Z 0 [Note] Shutting down plugin 'PERFORMANCE_SCHEMA'
2017-10-13T21:52:07.761333Z 0 [Note] Shutting down plugin 'MRG_MYISAM'
2017-10-13T21:52:07.761337Z 0 [Note] Shutting down plugin 'MyISAM'
2017-10-13T21:52:07.761363Z 0 [Note] Shutting down plugin 'INNODB_SYS_VIRTUAL'
2017-10-13T21:52:07.761368Z 0 [Note] Shutting down plugin 'INNODB_SYS_DATAFILES'
2017-10-13T21:52:07.761371Z 0 [Note] Shutting down plugin 'INNODB_SYS_TABLESPACES'
2017-10-13T21:52:07.761374Z 0 [Note] Shutting down plugin 'INNODB_SYS_FOREIGN_COLS'
2017-10-13T21:52:07.761378Z 0 [Note] Shutting down plugin 'INNODB_SYS_FOREIGN'
2017-10-13T21:52:07.761388Z 0 [Note] Shutting down plugin 'INNODB_SYS_FIELDS'
2017-10-13T21:52:07.761391Z 0 [Note] Shutting down plugin 'INNODB_SYS_COLUMNS'
2017-10-13T21:52:07.761395Z 0 [Note] Shutting down plugin 'INNODB_SYS_INDEXES'
2017-10-13T21:52:07.761398Z 0 [Note] Shutting down plugin 'INNODB_SYS_TABLESTATS'
2017-10-13T21:52:07.761402Z 0 [Note] Shutting down plugin 'INNODB_SYS_TABLES'
2017-10-13T21:52:07.761405Z 0 [Note] Shutting down plugin 'INNODB_FT_INDEX_TABLE'
2017-10-13T21:52:07.761408Z 0 [Note] Shutting down plugin 'INNODB_FT_INDEX_CACHE'
2017-10-13T21:52:07.761411Z 0 [Note] Shutting down plugin 'INNODB_FT_CONFIG'
2017-10-13T21:52:07.761415Z 0 [Note] Shutting down plugin 'INNODB_FT_BEING_DELETED'
2017-10-13T21:52:07.761418Z 0 [Note] Shutting down plugin 'INNODB_FT_DELETED'
2017-10-13T21:52:07.761421Z 0 [Note] Shutting down plugin 'INNODB_FT_DEFAULT_STOPWORD'
2017-10-13T21:52:07.761425Z 0 [Note] Shutting down plugin 'INNODB_METRICS'
2017-10-13T21:52:07.761428Z 0 [Note] Shutting down plugin 'INNODB_TEMP_TABLE_INFO'
2017-10-13T21:52:07.761431Z 0 [Note] Shutting down plugin 'INNODB_BUFFER_POOL_STATS'
2017-10-13T21:52:07.761434Z 0 [Note] Shutting down plugin 'INNODB_BUFFER_PAGE_LRU'
2017-10-13T21:52:07.761438Z 0 [Note] Shutting down plugin 'INNODB_BUFFER_PAGE'
2017-10-13T21:52:07.761441Z 0 [Note] Shutting down plugin 'INNODB_CMP_PER_INDEX_RESET'
2017-10-13T21:52:07.761444Z 0 [Note] Shutting down plugin 'INNODB_CMP_PER_INDEX'
2017-10-13T21:52:07.761448Z 0 [Note] Shutting down plugin 'INNODB_CMPMEM_RESET'
2017-10-13T21:52:07.761451Z 0 [Note] Shutting down plugin 'INNODB_CMPMEM'
2017-10-13T21:52:07.761454Z 0 [Note] Shutting down plugin 'INNODB_CMP_RESET'
2017-10-13T21:52:07.761457Z 0 [Note] Shutting down plugin 'INNODB_CMP'
2017-10-13T21:52:07.761461Z 0 [Note] Shutting down plugin 'INNODB_LOCK_WAITS'
2017-10-13T21:52:07.761464Z 0 [Note] Shutting down plugin 'INNODB_LOCKS'
2017-10-13T21:52:07.761467Z 0 [Note] Shutting down plugin 'INNODB_TRX'
2017-10-13T21:52:07.761471Z 0 [Note] Shutting down plugin 'InnoDB'
2017-10-13T21:52:07.761511Z 0 [Note] InnoDB: FTS optimize thread exiting.
2017-10-13T21:52:07.761572Z 0 [Note] InnoDB: Starting shutdown...
2017-10-13T21:52:07.934435Z 0 [Note] InnoDB: Dumping buffer pool(s) to /usr/local/var/mysql/ib_buffer_pool
2017-10-13T21:52:07.934998Z 0 [Note] InnoDB: Buffer pool(s) dump completed at 171013 17:52:07
2017-10-13T21:52:08.797286Z 0 [Note] InnoDB: Shutdown completed; log sequence number 2570129
2017-10-13T21:52:08.798483Z 0 [Note] InnoDB: Removed temporary tablespace data file: "ibtmp1"
2017-10-13T21:52:08.798498Z 0 [Note] Shutting down plugin 'MEMORY'
2017-10-13T21:52:08.798503Z 0 [Note] Shutting down plugin 'CSV'
2017-10-13T21:52:08.798507Z 0 [Note] Shutting down plugin 'sha256_password'
2017-10-13T21:52:08.798510Z 0 [Note] Shutting down plugin 'mysql_native_password'
2017-10-13T21:52:08.798639Z 0 [Note] Shutting down plugin 'binlog'
2017-10-13T21:52:08.801308Z 0 [Note] /usr/local/opt/mysql/bin/mysqld: Shutdown complete

